C:\Users\pranjal.misra\Desktop\PizzeriaBackend\ClientApp\dist\out-tsc\app\services\pizzas-data.service.js
C:\Users\pranjal.misra\Desktop\PizzeriaBackend\ClientApp\dist\out-tsc\app\services\pizzas-data.service.js.map
C:\Users\pranjal.misra\Desktop\PizzeriaBackend\ClientApp\dist\out-tsc\app\components\build-pizza\build-pizza.component.js
C:\Users\pranjal.misra\Desktop\PizzeriaBackend\ClientApp\dist\out-tsc\app\components\build-pizza\build-pizza.component.js.map
C:\Users\pranjal.misra\Desktop\PizzeriaBackend\ClientApp\dist\out-tsc\app\services\login-register.service.js
C:\Users\pranjal.misra\Desktop\PizzeriaBackend\ClientApp\dist\out-tsc\app\services\login-register.service.js.map
C:\Users\pranjal.misra\Desktop\PizzeriaBackend\ClientApp\dist\out-tsc\app\components\login\login.component.js
C:\Users\pranjal.misra\Desktop\PizzeriaBackend\ClientApp\dist\out-tsc\app\components\login\login.component.js.map
C:\Users\pranjal.misra\Desktop\PizzeriaBackend\ClientApp\dist\out-tsc\app\services\cart-service.service.js
C:\Users\pranjal.misra\Desktop\PizzeriaBackend\ClientApp\dist\out-tsc\app\services\cart-service.service.js.map
C:\Users\pranjal.misra\Desktop\PizzeriaBackend\ClientApp\dist\out-tsc\app\components\order-pizza\order-pizza.component.js
C:\Users\pranjal.misra\Desktop\PizzeriaBackend\ClientApp\dist\out-tsc\app\components\order-pizza\order-pizza.component.js.map
C:\Users\pranjal.misra\Desktop\PizzeriaBackend\ClientApp\dist\out-tsc\app\components\register\register.component.js
C:\Users\pranjal.misra\Desktop\PizzeriaBackend\ClientApp\dist\out-tsc\app\components\register\register.component.js.map
C:\Users\pranjal.misra\Desktop\PizzeriaBackend\ClientApp\dist\out-tsc\app\components\shopping-cart\shopping-cart.component.js
C:\Users\pranjal.misra\Desktop\PizzeriaBackend\ClientApp\dist\out-tsc\app\components\shopping-cart\shopping-cart.component.js.map
C:\Users\pranjal.misra\Desktop\PizzeriaBackend\ClientApp\dist\out-tsc\app\components\story\story.component.js
C:\Users\pranjal.misra\Desktop\PizzeriaBackend\ClientApp\dist\out-tsc\app\components\story\story.component.js.map
C:\Users\pranjal.misra\Desktop\PizzeriaBackend\ClientApp\dist\out-tsc\app\app-routing.module.js
C:\Users\pranjal.misra\Desktop\PizzeriaBackend\ClientApp\dist\out-tsc\app\app-routing.module.js.map
C:\Users\pranjal.misra\Desktop\PizzeriaBackend\ClientApp\dist\out-tsc\app\app.component.js
C:\Users\pranjal.misra\Desktop\PizzeriaBackend\ClientApp\dist\out-tsc\app\app.component.js.map
C:\Users\pranjal.misra\Desktop\PizzeriaBackend\ClientApp\dist\out-tsc\app\components\footer\footer.component.js
C:\Users\pranjal.misra\Desktop\PizzeriaBackend\ClientApp\dist\out-tsc\app\components\footer\footer.component.js.map
C:\Users\pranjal.misra\Desktop\PizzeriaBackend\ClientApp\dist\out-tsc\app\components\navbar\navbar.component.js
C:\Users\pranjal.misra\Desktop\PizzeriaBackend\ClientApp\dist\out-tsc\app\components\navbar\navbar.component.js.map
C:\Users\pranjal.misra\Desktop\PizzeriaBackend\ClientApp\dist\out-tsc\app\app.module.js
C:\Users\pranjal.misra\Desktop\PizzeriaBackend\ClientApp\dist\out-tsc\app\app.module.js.map
C:\Users\pranjal.misra\Desktop\PizzeriaBackend\ClientApp\dist\out-tsc\environments\environment.js
C:\Users\pranjal.misra\Desktop\PizzeriaBackend\ClientApp\dist\out-tsc\environments\environment.js.map
C:\Users\pranjal.misra\Desktop\PizzeriaBackend\ClientApp\dist\out-tsc\main.js
C:\Users\pranjal.misra\Desktop\PizzeriaBackend\ClientApp\dist\out-tsc\main.js.map
C:\Users\pranjal.misra\Desktop\PizzeriaBackend\ClientApp\dist\out-tsc\polyfills.js
C:\Users\pranjal.misra\Desktop\PizzeriaBackend\ClientApp\dist\out-tsc\polyfills.js.map
C:\Users\pranjal.misra\Desktop\PizzeriaBackend\ClientApp\dist\out-tsc\test.js
C:\Users\pranjal.misra\Desktop\PizzeriaBackend\ClientApp\dist\out-tsc\test.js.map
C:\Users\pranjal.misra\Desktop\PizzeriaBackend\ClientApp\dist\out-tsc\app\app.component.spec.js
C:\Users\pranjal.misra\Desktop\PizzeriaBackend\ClientApp\dist\out-tsc\app\app.component.spec.js.map
C:\Users\pranjal.misra\Desktop\PizzeriaBackend\ClientApp\dist\out-tsc\app\components\build-pizza\build-pizza.component.spec.js
C:\Users\pranjal.misra\Desktop\PizzeriaBackend\ClientApp\dist\out-tsc\app\components\build-pizza\build-pizza.component.spec.js.map
C:\Users\pranjal.misra\Desktop\PizzeriaBackend\ClientApp\dist\out-tsc\app\components\footer\footer.component.spec.js
C:\Users\pranjal.misra\Desktop\PizzeriaBackend\ClientApp\dist\out-tsc\app\components\footer\footer.component.spec.js.map
C:\Users\pranjal.misra\Desktop\PizzeriaBackend\ClientApp\dist\out-tsc\app\components\login\login.component.spec.js
C:\Users\pranjal.misra\Desktop\PizzeriaBackend\ClientApp\dist\out-tsc\app\components\login\login.component.spec.js.map
C:\Users\pranjal.misra\Desktop\PizzeriaBackend\ClientApp\dist\out-tsc\app\components\navbar\navbar.component.spec.js
C:\Users\pranjal.misra\Desktop\PizzeriaBackend\ClientApp\dist\out-tsc\app\components\navbar\navbar.component.spec.js.map
C:\Users\pranjal.misra\Desktop\PizzeriaBackend\ClientApp\dist\out-tsc\app\components\order-pizza\order-pizza.component.spec.js
C:\Users\pranjal.misra\Desktop\PizzeriaBackend\ClientApp\dist\out-tsc\app\components\order-pizza\order-pizza.component.spec.js.map
C:\Users\pranjal.misra\Desktop\PizzeriaBackend\ClientApp\dist\out-tsc\app\components\register\register.component.spec.js
C:\Users\pranjal.misra\Desktop\PizzeriaBackend\ClientApp\dist\out-tsc\app\components\register\register.component.spec.js.map
C:\Users\pranjal.misra\Desktop\PizzeriaBackend\ClientApp\dist\out-tsc\app\components\shopping-cart\shopping-cart.component.spec.js
C:\Users\pranjal.misra\Desktop\PizzeriaBackend\ClientApp\dist\out-tsc\app\components\shopping-cart\shopping-cart.component.spec.js.map
C:\Users\pranjal.misra\Desktop\PizzeriaBackend\ClientApp\dist\out-tsc\app\components\story\story.component.spec.js
C:\Users\pranjal.misra\Desktop\PizzeriaBackend\ClientApp\dist\out-tsc\app\components\story\story.component.spec.js.map
C:\Users\pranjal.misra\Desktop\PizzeriaBackend\ClientApp\dist\out-tsc\app\services\cart-service.service.spec.js
C:\Users\pranjal.misra\Desktop\PizzeriaBackend\ClientApp\dist\out-tsc\app\services\cart-service.service.spec.js.map
C:\Users\pranjal.misra\Desktop\PizzeriaBackend\ClientApp\dist\out-tsc\app\services\ingredients-data.service.js
C:\Users\pranjal.misra\Desktop\PizzeriaBackend\ClientApp\dist\out-tsc\app\services\ingredients-data.service.js.map
C:\Users\pranjal.misra\Desktop\PizzeriaBackend\ClientApp\dist\out-tsc\app\services\ingredients-data.service.spec.js
C:\Users\pranjal.misra\Desktop\PizzeriaBackend\ClientApp\dist\out-tsc\app\services\ingredients-data.service.spec.js.map
C:\Users\pranjal.misra\Desktop\PizzeriaBackend\ClientApp\dist\out-tsc\app\services\login-register.service.spec.js
C:\Users\pranjal.misra\Desktop\PizzeriaBackend\ClientApp\dist\out-tsc\app\services\login-register.service.spec.js.map
C:\Users\pranjal.misra\Desktop\PizzeriaBackend\ClientApp\dist\out-tsc\app\services\pizzas-data.service.spec.js
C:\Users\pranjal.misra\Desktop\PizzeriaBackend\ClientApp\dist\out-tsc\app\services\pizzas-data.service.spec.js.map
C:\Users\pranjal.misra\Desktop\PizzeriaBackend\ClientApp\dist\out-tsc\environments\environment.prod.js
C:\Users\pranjal.misra\Desktop\PizzeriaBackend\ClientApp\dist\out-tsc\environments\environment.prod.js.map
